C51 COMPILER V9.54   BH                                                                    04/03/2023 19:08:32 PAGE 1   


C51 COMPILER V9.54, COMPILATION OF MODULE BH
OBJECT MODULE PLACED IN .\Objects\BH.obj
COMPILER INVOKED BY: E:\Embedded System\51\Keil5\C51\BIN\C51.EXE BH.c OPTIMIZE(8,SPEED) BROWSE DEBUG OBJECTEXTEND PRINT(
                    -.\Listings\BH.lst) TABS(2) OBJECT(.\Objects\BH.obj)

line level    source

   1          #include  <REG51.H> 
   2          //#include  <math.h>    //Keil library  
   3          //#include  <stdio.h>   //Keil library  
   4          #include  <INTRINS.H>
   5          #include <St.h>
   6          
   7          #define   uchar unsigned char
   8          #define   uint unsigned int 
   9          
  10          sbit    SCL=P1^0;      //IIC时钟引脚定义
  11          sbit      SDA=P1^1;      //IIC数据引脚定义
  12          
  13          //typedef   unsigned char BYTE;
  14          //typedef   unsigned short WORD;
  15          
  16          #define   SlaveAddress   0x46 //定义器件在IIC总线中的从地址,根据ALT  ADDRESS地址引脚不同修改
  17                                        //ALT  ADDRESS引脚接地时地址为0x46，接电源时地址为0xB8
  18          unsigned char ans[6];
  19          BH_data Read_re;
  20          
  21          
  22          /**ms延时**/
  23          void delay_nms(unsigned int k)  
  24          {           
  25   1      unsigned int i,j;       
  26   1      for(i=0;i<k;i++)
  27   1      {     
  28   2      for(j=0;j<121;j++)      
  29   2      {;}}            
  30   1      }
  31          /**************************************
  32          延时5微秒(STC90C52RC@12M)
  33          不同的工作环境,需要调整此函数，注意时钟过快时需要修改
  34          当改用1T的MCU时,请调整此延时函数
  35          **************************************/
  36          void Delay5us()
  37          {
  38   1          _nop_();_nop_();_nop_();_nop_();
  39   1          _nop_();_nop_();_nop_();_nop_();
  40   1        _nop_();_nop_();_nop_();_nop_();
  41   1        _nop_();_nop_();_nop_();_nop_();
  42   1      }
  43          
  44          /**************************************
  45          延时5毫秒(STC90C52RC@12M)
  46          不同的工作环境,需要调整此函数
  47          当改用1T的MCU时,请调整此延时函数
  48          **************************************/
  49          void Delay5ms()
  50          {
  51   1          uint n = 560;
  52   1      
  53   1          while (n--);
  54   1      }
C51 COMPILER V9.54   BH                                                                    04/03/2023 19:08:32 PAGE 2   

  55          
  56          
  57          /**************************************
  58          起始信号
  59          **************************************/
  60          void BH1750_Start()
  61          {
  62   1          SDA = 1;                    //拉高数据线
  63   1          SCL = 1;                    //拉高时钟线
  64   1          Delay5us();                 //延时
  65   1          SDA = 0;                    //产生下降沿
  66   1          Delay5us();                 //延时
  67   1          SCL = 0;                    //拉低时钟线
  68   1      }
  69          
  70          /**************************************
  71          停止信号
  72          **************************************/
  73          void BH1750_Stop()
  74          {
  75   1          SDA = 0;                    //拉低数据线
  76   1          SCL = 1;                    //拉高时钟线
  77   1          Delay5us();                 //延时
  78   1          SDA = 1;                    //产生上升沿
  79   1          Delay5us();                 //延时
  80   1      }
  81          
  82          /**************************************
  83          发送应答信号
  84          入口参数:ack (0:ACK 1:NAK)
  85          **************************************/
  86          void BH1750_SendACK(bit ack)
  87          {
  88   1          SDA = ack;                  //写应答信号
  89   1          SCL = 1;                    //拉高时钟线
  90   1          Delay5us();                 //延时
  91   1          SCL = 0;                    //拉低时钟线
  92   1          Delay5us();                 //延时
  93   1      }
  94          
  95          /**************************************
  96          接收应答信号
  97          **************************************/
  98          bit BH1750_RecvACK()
  99          {
 100   1          SCL = 1;                    //拉高时钟线
 101   1          Delay5us();                 //延时
 102   1          CY = SDA;                   //读应答信号
 103   1          SCL = 0;                    //拉低时钟线
 104   1          Delay5us();                 //延时
 105   1      
 106   1          return CY;
 107   1      }
 108          
 109          /**************************************
 110          向IIC总线发送一个字节数据
 111          **************************************/
 112          void BH1750_SendByte(uchar dat)
 113          {
 114   1          uchar i;
 115   1      
 116   1          for (i=0; i<8; i++)         //8位计数器
C51 COMPILER V9.54   BH                                                                    04/03/2023 19:08:32 PAGE 3   

 117   1          {
 118   2              dat <<= 1;              //移出数据的最高位
 119   2              SDA = CY;               //送数据口
 120   2              SCL = 1;                //拉高时钟线
 121   2              Delay5us();             //延时
 122   2              SCL = 0;                //拉低时钟线
 123   2              Delay5us();             //延时
 124   2          }
 125   1          BH1750_RecvACK();
 126   1      }
 127          
 128          /**************************************
 129          从IIC总线接收一个字节数据
 130          **************************************/
 131          uchar BH1750_RecvByte()
 132          {
 133   1          uchar i;
 134   1          uchar dat = 0;
 135   1      
 136   1          SDA = 1;                    //使能内部上拉,准备读取数据,
 137   1          for (i=0; i<8; i++)         //8位计数器
 138   1          {
 139   2              dat <<= 1;
 140   2              SCL = 1;                //拉高时钟线
 141   2              Delay5us();             //延时
 142   2              dat |= SDA;             //读数据               
 143   2              SCL = 0;                //拉低时钟线
 144   2              Delay5us();             //延时
 145   2          }
 146   1          return dat;
 147   1      }
 148          
 149          //*********************************
 150          
 151          void BH1750_Write(uchar REG_Address)
 152          {
 153   1          BH1750_Start();                  //起始信号
 154   1          BH1750_SendByte(SlaveAddress);   //发送设备地址+写信号
 155   1          BH1750_SendByte(REG_Address);    //内部寄存器地址，
 156   1        //  BH1750_SendByte(REG_data);       //内部寄存器数据，
 157   1          BH1750_Stop();                   //发送停止信号
 158   1      }
 159          
 160          void BH1750_Init()
 161          {
 162   1        BH1750_Write(0x01);
 163   1        BH1750_Write(0x20);
 164   1      }
 165          
 166          BH_data *BH1750_Read(void)
 167          {   
 168   1          uchar BUF[8]; 
 169   1          int dis_data,temp;
 170   1          uchar i;  
 171   1          BH1750_Start();                          //起始信号
 172   1          BH1750_SendByte(SlaveAddress+1);         //发送设备地址+读信号
 173   1        
 174   1         for (i=0; i<3; i++)                      //连续读取2个地址数据，存储中BUF
 175   1          {
 176   2              BUF[i] = BH1750_RecvByte();          //BUF[0]存储0x32地址中的数据
 177   2              if (i == 3)
 178   2              {
C51 COMPILER V9.54   BH                                                                    04/03/2023 19:08:32 PAGE 4   

 179   3      
 180   3                 BH1750_SendACK(1);                //最后一个数据需要回NOACK
 181   3              }
 182   2              else
 183   2              {   
 184   3                BH1750_SendACK(0);                //回应ACK
 185   3             }
 186   2         }
 187   1      
 188   1          BH1750_Stop();                          //停止信号
 189   1          Delay5ms();
 190   1          dis_data=BUF[0];
 191   1          dis_data=(dis_data<<8)+BUF[1];//合成数据，即光照数据
 192   1          temp=(float)dis_data/1.2;
 193   1          Read_re.data_num = temp;
 194   1          ans[0] = temp/10000+'0';
 195   1          temp %= 10000;
 196   1          ans[1] = temp/1000+'0';
 197   1          temp %= 1000;
 198   1          ans[2] = temp/100+'0';
 199   1          temp %= 100;
 200   1          ans[3] = temp/10+'0';
 201   1          temp %= 10;
 202   1          ans[4] = temp+'0';
 203   1          ans[5] = '\0';
 204   1          Read_re.data_p = &ans;
 205   1          return &Read_re;
 206   1      }


MODULE INFORMATION:   STATIC OVERLAYABLE
   CODE SIZE        =    421    ----
   CONSTANT SIZE    =   ----    ----
   XDATA SIZE       =   ----    ----
   PDATA SIZE       =   ----    ----
   DATA SIZE        =     11       8
   IDATA SIZE       =   ----    ----
   BIT SIZE         =   ----       1
END OF MODULE INFORMATION.


C51 COMPILATION COMPLETE.  0 WARNING(S),  0 ERROR(S)
