C51 COMPILER V9.54   EEPROM                                                                04/03/2023 19:08:33 PAGE 1   


C51 COMPILER V9.54, COMPILATION OF MODULE EEPROM
OBJECT MODULE PLACED IN .\Objects\EEPROM.obj
COMPILER INVOKED BY: E:\Embedded System\51\Keil5\C51\BIN\C51.EXE EEPROM.c OPTIMIZE(8,SPEED) BROWSE DEBUG OBJECTEXTEND PR
                    -INT(.\Listings\EEPROM.lst) TABS(2) OBJECT(.\Objects\EEPROM.obj)

line level    source

   1          #include <reg51.h>
   2          #include <intrins.h>
   3          #include <EEPROM.h>
   4          
   5          /*
   6          512B*10
   7          1:2000-21FF
   8          2:2200-23FF
   9          3:2400-25FF  储存Mode
  10          4:2600-27FF  储存NM的低中高亮度,2600为高位 2601为低位
  11          5:2800-29FF  储存SM的Lux设置
  12          6:2A00-2BFF
  13          7:2C00-2DFF   
  14          8:2E00-2FFF   
  15          9:3000-31FF     
  16          10:3200-33FF
  17          
  18          */
  19          
  20          //默认未写入时为0xFF
  21          
  22          void IAP_Idle()
  23          {
  24   1        IAP_CONTR = 0;
  25   1        IAP_CMD = 0;
  26   1        IAP_TRIG = 0;
  27   1        IAP_ADDRH = 0x80;
  28   1        IAP_ADDRL = 0;
  29   1      }
  30          
  31          void IAP_TrigUnit()
  32          {
  33   1        IAP_TRIG = 0x46;
  34   1        IAP_TRIG = 0xB9;
  35   1      }
  36          
  37          unsigned char IAP_ReadByte(unsigned int addr)
  38          {
  39   1        unsigned char dat;
  40   1        IAP_CONTR = ENABLE_IAP;
  41   1        IAP_CMD = CMD_READ;
  42   1        IAP_ADDRL = addr;
  43   1        IAP_ADDRH = addr >> 8;
  44   1        IAP_TrigUnit();
  45   1        _nop_();
  46   1        dat = IAP_DATA;
  47   1        IAP_Idle();
  48   1        
  49   1        return dat;
  50   1      }
  51          
  52          void IAP_ProgramByte(unsigned int addr,unsigned char dat) //考虑是否需要关中断
  53          {
  54   1      //  EA = 0; //这里因为中断比较多最好还是关了
C51 COMPILER V9.54   EEPROM                                                                04/03/2023 19:08:33 PAGE 2   

  55   1        IAP_CONTR = ENABLE_IAP;
  56   1        IAP_CMD = CMD_PROGRAM;
  57   1        IAP_ADDRL = addr;
  58   1        IAP_ADDRH = addr >> 8;
  59   1        IAP_DATA = dat;
  60   1        IAP_TrigUnit();
  61   1        _nop_();
  62   1        IAP_Idle();
  63   1        EA = 1;
  64   1      }
  65          
  66          void IAP_EraseSector(unsigned int addr) //注意写入前理应要擦除，且擦除按扇区，若有部分需要保存则需要先拷入
             -ram中
  67          {
  68   1      //  EA = 0;
  69   1        IAP_CONTR = ENABLE_IAP;
  70   1        IAP_CMD = CMD_ERASE;
  71   1        IAP_ADDRL = addr;
  72   1        IAP_ADDRH = addr >> 8;
  73   1        IAP_TrigUnit();
  74   1        _nop_();
  75   1        IAP_Idle();
  76   1        EA = 1;
  77   1      }
  78          


MODULE INFORMATION:   STATIC OVERLAYABLE
   CODE SIZE        =     82    ----
   CONSTANT SIZE    =   ----    ----
   XDATA SIZE       =   ----    ----
   PDATA SIZE       =   ----    ----
   DATA SIZE        =   ----    ----
   IDATA SIZE       =   ----    ----
   BIT SIZE         =   ----    ----
END OF MODULE INFORMATION.


C51 COMPILATION COMPLETE.  0 WARNING(S),  0 ERROR(S)
